127.0.0.1
1337x.st
1337x.to
144.31.119.73
15min.lt
15minut.org
1plus1.ua
200rf.com
20khvylyn.com
24chasa.bg
24tv.ua
444.hu
5.ua
74.208.199.237:24492
8.8.8.8
888casino.com
89.111.184.233
8kun.top
9tv.co.il
Demokracija.eu
Euobserver.com
abc.go.com
abc.net.au
abpr2.railfan.net
abs.twimg.com
access-unlocked.org
account.proton.me
actionaid.org
activatica.org
ad.nl
adguard-vpn.com
adguard.com
advocate.com
advox.globalvoices.org
af.mil
afp.com
afpforum.com
agenceurope.eu
agents.media
agora.legal
alhurra.com
alice-vpn.com
allrus.news
allthefallen.moe
americannaziparty.com
amnesty.org
amnezia.org
animelib.me
animevost.tv
anonymouse.org
anonymox.net
antikor.com.ua
antivigilancia.org
antizapret.prostovpn.org
aplaycasino.com
apollo.lv
app.wire.com
appattest.apple.com
apple-cloudkit.com
apple-livephotoskit.com
apple-mapkit.com
apple.com
apps-marketplace.apple.com
apzones.com
arc-international.net
archive.is
archiveofourown.org
army.mil
arte.tv
article19.org
artsy.net
ashingtonpost.com
atr.ua
avtonom.org
avtozak.info
aws.amazon.com
azadliq.org
azatliq.org
azattyq.org
azattyqasia.org
b1tv.ro
babook.org
bacardi.com
backstage-api.com
badoo.com
baskino.me
bbc.co.uk
bbc.com
bbcrussian.com
bbm.com
beeg.com
beintheknow.org
bellingcat.com
belsat.eu
belsat.pl
berlingske.dk
betfair.com
betternet.co
beyondexgay.com
bi.org
bing-amp.com
bitbucket.org
bitchute.com
bitcoin.org
bitfinex.com
bitmask.net
blackberry.com
blackseanews.net
blackseango.org
blancvpn.com
blockdx.co
blog.mozilla.org
blogs.voanews.com
bluehost.com
boingboing.net
bok-o-bok.com
bravoporn.com
briarproject.org
bridges.torproject.org
broadvoice.com
browsec.com
bsky.app
cactusvpn.com
cameleo.xyz
cannaweed.com
carnegieendowment.org
casino.com
casinotropez.com
caucasustimes.com
ccel.org
cdn-apple.com
cdn-client.medium.com
cdn.fbsbx.com
censor.net
censor.net.ua
censorship.no
censortracker.org
centcom.mil
centre1.com
ceskatelevize.cz
cf-ipfs.com
chat.in-the.eu
chat.nuvon.app
chat.privittytech.com
chat.sus.fr
chat.vim.wtf
chat.zashm.org
chatmail.au
chatmail.culturanerd.it
chatmail.email
chatmail.woodpeckersnest.space
cherta.media
chess.com
chika.aangat.lahat.computer
christianitytoday.com
christians4peace.com
chronicles.media
chtml.ca
church.ua
cia.gov
citizensclimatelobby.org
civicidea.ge
civil.ge
cnews.fr
collegehumor.com
com.cy
copticchurch.net
coquette.com
courtwatch.ge
cpj.org
crimea-news.info
cryptpad.fr
cseindia.org
current-time.gitlab.io
currenttime.tv
cwtch.im
cyber.harvard.edu
cyberghostvpn.com
cyprus-mail.com
cyprustimes.com
d.gaufr.es
d2dj0qptshsals.cloudfront.net
dailymail.co.uk
dailymotion.com
darkrun.dev
darpa.mil
day.kyiv.ua
daymohk.org
ddosecrets.com
deathmetal.org
deeprism.com
defcad.com
delfi.ee
delo.ua
delta.thelab.uno
demokracija.eu
demokracija.si
dennikn.sk
depo.ua
deti-404.com
dev.ua
dia.mil
dialog.ua
diena.lv
digi24.ro
digitalocean.com
discord.com
dit.whatsapp.net
dns.adguard.com
dns.alidns.com
dns.nextdns.io
doh-fi.blahdns.com
doh.centraleu.pi-dns.com
donbass.ua
donpress.com
doriafeministfund.org
dossier.center
doubleclick.net
dovod.online
doxa.team
dreamhost.com
dron.media
drugs-forum.com
dsau.dp.ua
dumpert.nl
dw.com
dwelle.eu
dzlieri9.ge
e2ee.im
e2ee.wang
earerepost.com
easytier.rs
ecequality.org
echofm.online
eclipso.de
edge-chat.instagram.com
edge-mqtt.facebook.com
editorials.voa.gov
efe.com
ehorussia.com
ekhokavkaza.com
elmundo.es
elpais.com
elpha.com
eluniversal.com
epicgames.com
epravda.com.ua
equaldex.com
equalit.ie
equalitie.org
equality.ge
erimedia.ge
erowid.org
err.ee
ert.gr
ertnews.gr
espreso.tv
esternunion.com
eu-objective.online
eume.upf.org
euobserver.com
eurasia.amnesty.org
eurasianet.org
eurobicon.org
euronews.com
euroradio.fm
eventbrite.com
exitinternational.net
exmormon.org
expresso.pt
expressvpn.com
external.xx.fbcdn.net
eztv.ag
eztv.re
f-secure.com
facebook.com
factograph.info
fakty.ua
familyequality.org
fast-die.github.io
fast-die.kiev.ua
fastcomet.com
faz.net
fbcdn.net
fbk.info
feedtheminds.org
feminist.com
feminist.org
fergana.agency
fergana.news
fergananews.com
fhi360.org
ficbook.net
fidh.org
flibusta.is
focus.ua
fortanga.org
forum.mhut.org
forum.torproject.net
forum.torproject.org
frant.me
frc.org
freecity.lv
freedomhouse.org
freedominfo.org
freemedia.io
freespeechdebate.com
freevpnplanet.com
freshpair.com
fri-gate.org
fsf.org
ftchinese.com
fuckingfreemovies.com
fundtexaschoice.org
gagadget.com
gaggaalliance.org
gambling.com
gaycity.love
gayegypt.com
gaymenshealth.org
gazeta.ua
gc.apple.com
genderdysphoria.fyi
genymotion.com
getlantern.org
getoutline.org
getpocket.com
giganews.com
gijn.org
glaad.org
glasnaya.media
glavcom.ua
glavnoe.in.ua
glavnoe.ua
glavpost.com
glavred.info
globalgiving.org
globalr2p.org
globalvoices.org
glsen.org
godaddy.com
goldenpalace.com
goldenrivieracasino.com
golosamer.gitlab.io
golosameriki.com
golosinfo.org
golosislama.com
goodreads.com
google.com
gotgayporn.com
grammarly.com
grand-casino0.com
graniru.org
granma.cu
greenpeace.org
grindr.com
grindr.mobi
gsc-game.com
guardster.com
gubernia.media
habr.com
harleyquinnwidget.net
hatsapp.com
hejtstop.pl
helpdesk.media
helvetas.ch
hetzner.com
heyjane.com
hide.me
hidemy.name
hidemyass.com
hightimes.com
hizb-ut-tahrir.org
hleb.asia
hochuzhit.com
hola.org
holod.media
honduras.com
hootsuite.com
hornet.com
hostgator.com
hotgaylist.com
hotspotshield.com
howtogrowmarijuana.com
hrc.org
hromadske.ua
hrw.org
hs.fi
humanrightsfirst.org
hunafa.com
i.gr-assets.com
i.instagram.com
i.ytimg.com
i2pd.website
iaru.org
ichkeria.info
ici.radio-canada.ca
icloud.apple.com
icloud.com.cn
icrw.org
idelreal.org
idfi.ge
iditelesom.org
iico.org
ikhwanonline.com
ilga.org
iltalehti.fi
imrussia.org
independent.com.mt
independent.ie
inetprivacy.com
information.dk
informator.ua
insecure.org
instagram.com
instagram.fsaw1-13.fna.fbcdn.net
instructions.peaceplea.org
internationalrivers.org
interpol.int
investigator.org.ua
ionos.com
ipfs.io
ipvnews.org
irishtimes.com
irna.ir
is.fi
islam.plus
islameyat.com
istories.media
itarmy.com.ua
itgetsbetter.org
iwork.apple.com
jackpotcitycasino1.com
jahforum.org
janesdueprocess.org
journlab.online
jsf.mil
judaism.com
justassociates.org
jw.org
kabobfest.com
kafanews.com
kaleidoscopetrust.com
kamatera.com
kasparovru.com
katcr.to
kavkaz-uzel.eu
kavkaz.tv
kavkazcenter.com
kavkazr.com
kcna.kp
khilafah.com
khilafah.net
kickassclassical.com
kickasstorrents.to
kinogoo.cc
kinokrad.co
kinozal.tv
kiwifarms.net
kmoun.info
knack.be
knapsackforhope.org
knews.kg
kosa.media
krymsos.com
la-croix.com
la7.it
laborrightsnow.org
lambdalegal.org
lambdawarszawa.org
lantern.io
lastampa.it
lb.ua
leap.se
lemonde.fr
lesbiansubmission.com
letterboxd.com
levif.be
lexpress.fr
lgbt.foundation
lgbt.org.ua
lgbti-ep.eu
lgbtnet.org
lgbtqia.space
lgbtqnation.com
lgbtru.com
lib.rus.ec
liberation.fr
libgen.is
libgen.lc
libgen.li
libgen.life
libgen.me
libgen.rs
libgen.space
libgen.st
liga.net
limetorrents.lol
limetorrents.pro
line.me
lingo.com
linkedin.com
linktr.ee
liveleak.com
livemy.info
liveuamap.com
lokinet.org
lookaside.facebook.com
lostfilm.tv
lotoru.com
lp-russia.org
lrt.lt
lrytas.lt
lsm.lv
luckynugget.com
m.youtube.com
madre.org
maidan.org.ua
mail.proton.me
mailchat.pl
mailchi.mp
maltatoday.com.mt
manas.news
mariestopes.org.uk
marxist.news
mask-h2.icloud.com
mask.icloud.com
mastodon.xyz
matrix-client.matrix.org
matrix.to
mbk-news.appspot.com
mbk.news
mcclgbt.com
mdif.org
mdz-rus.github.io
media-arn2-1.cdn.whatsapp.net
media.fevn1-1.fna.whatsapp.net
mediapool.bg
mediazona.ca
mediazonaby.com
medium.com
meduza.io
meendo.net
meet.google.com
megaproxy.com
megatfile.cc
megatv.com
mehl.cloud
messenger.com
metal-archives.com
metasploit.com
mignews.ua
minds.com
minjust.net
minval.az
miro.medium.com
mirror.cyberbits.eu
mmg.whatsapp.net
mnr.gov.cn
moz.gov.ua
mp3.com
msh.org
msichoices.org
msn.com
mstdn.jp
mullvad.net
musixmatch.com
mv.ecuo.org
myc.news
myspace.com
namba.kz
nash-sever.info
nashaniva.com
navalny.com
navi.gg
navy.mil
nazarene.org
nbcnewyork.com
nclrights.org
ndi.org
ned.org
neonjoint.com
networksolutions.com
nevzorov.tv
new-rutor.org
newinform.com
newnownext.com
news.google.com
news.liga.net
newsmaker.md
newsru.com
newtime.ua
nibblehole.com
niepoprawni.pl
nikk.agency
nine.testrun.org
nnmclub.to
nomer-org.website
nordvpn.com
nos.nl
nothing-else.run.place
notvpn.io
nova24.si
nova24tv.si
novaya.no
novayagazeta.ee
novayagazeta.eu
novayapolsha.com
novayapolsha.eu
novayapolsha.pl
nr2.com.ua
nrc.nl
ntc.party
nv.ua
obozrevatel.com
observador.pt
occrp.org
ochevidcy.com
odysee.com
oe24.at
oic-oci.org
omct.org
omenonwaves.org
omsk.com
onderzine.com
onemorelesbian.com
onlinegambling.com
ooni.torproject.org
open.substack.com
openglobalrights.org
openmedia.io
openrussia.org
opensanctions.org
opensocietyfoundations.org
openuni.io
or.team
orbot.app
ordreference.com
orf.at
orldcoalition.org
orldwildlife.org
out.com
ovdinfo.org
ow.ly
oxfam.org
pacom.mil
panties.com
pap.pl
paperpaper.io
papervpn.io
paralleleconomy.com
parniplus.com
partypoker.com
partypoker.net
patreon.com
pbs.twimg.com
peaceplea.org
persecution.org
pflag.org
pinknews.co.uk
piratpartiet.se
piter.fm
pixabay.com
plancpills.org
planeta.press
planetromeo.com
play.google.com
play.itunes.apple.com
plug-mirror.rcac.purdue.edu
pn14.info
podrobnosti.ua
pof.com
pokerstars.com
poligon.media
poligonmedia.io
polit.info
politexpert.net
politico.com
politico.eu
politis.com.cy
politros.com
pornolab.net
postimage.io
postmaster.co.uk
pps.whatsapp.net
pravda.com.ua
premaritalsex.info
pressorg24.com
privateinternetaccess.com
privatevpn.com
proekt.media
projectbaseline.com
projectveritas.com
prolife.com
propastop.org
prosleduet.media
protokol.band
proton.me
protonvpn.com
protothema.gr
protv.ro
provokator.com.ua
proxify.com
psiphon.ca
psyplants.info
publico.pt
purevpn.com
push.apple.com
putinbog.wordpress.com
qha.com.ua
quantico.marines.mil
queerty.com
quora.com
radiofrance.fr
radiomarsho.com
radiosvoboda.org
rai.it
rainews.it
ran.org
rapidgator.net
rargb.to
rdo.rs
re-russia.net
rebrandly.com
redgifs.com
redkollegia.org
redshieldvpn.com
reforum.io
reporter-ua.com
reproductiverights.org
reprolegalhelpline.org
repubblica.com
repubblica.it
rescue.org
resurj.org
rferl.org
rfi.fr
riftgame.com
riseup.net
risk-inform.com
riverbelle.com
romb.tv
rosdep.org
roskomsvoboda.org
royalvegas.com
rsf.org
rte.ie
rtp.pt
rtve.es
ru-news.us
ru.baku.ws
ru.bellingcat.com
ru.krymr.com
ru.rfi.fr
ru.yahoo.com
rumble.com
rupor.info
rureporter.com
rus.azattyq.org
rus.delfi.ee
rus.ozodi.org
rus.ozodlik.org
rusmonitor.com
rusnsn.info
rutor.org
rutracker.org
safe2choose.org
sakharov.world
samesexmarriage.ca
samizdatonline.org
saverudata.online
sbs.com.au
scarleteen.com
scontent-ams4-1.cdninstagram.com
scontent-vie1-1.cdninstagram.com
scontent.cdninstagram.com
scontent.xx.fbcdn.net
search.aol.com
search.com
searchindia.com
secfirst.org
seclists.org
secure.avaaz.org
seed4.me
seedoff.zannn.top
semnasem.org
severreal.org
sex.com
seznamzpravy.cz
sfsi.org
shia.org
shram.kiev.ua
shroomery.org
shtab.navalny.com
sibreal.org
sida.se
skai.gr
skat.media
skiff.com
slideshare.net
slotland.com
slovodel.com
sme.sk
smoot.apple.com
snapchat.com
socom.mil
solar-aid.org
sota.vision
sotaproject.com
sotnik-tv.com
soundcloud.com
southcom.mil
southfeministfutures.org
sovanews.tv
speeddater.co.uk
speedify.com
speedtest.net
spektr.press
spideroak.com
spiegel.de
spinpalace.com
sportingbet.com
sportsinteraction.com
spring96.org
sprotyv.info
sputnikipogrom.com
srgssr.ch
ssd.eff.org
stalker2.com
startmail.com
static.cdninstagram.com
static.xx.fbcdn.net
staticxx.facebook.com
status.im
stepanov2021.org
stirileprotv.ro
stonewall.org.uk
stopfake.org
stopstreetharassment.org
story.te-st.org
stratcom.mil
substack.com
support.delta.chat
surfshark.com
sverigesradio.se
svoboda.org
svt.se
svtv.org
sweetfern.net
swisscows.email
swissinfo.ch
t.co
t.me
tarpit.fun
tayga.info
te-st.org
team29.org
technorati.com
teenhealthfx.com
telegra.ph
telegraf.com.ua
telegram.me
telegram.org
telegraph.co.uk
tf1info.fr
thebell.io
thegooddrugsguide.com
theins.press
theinternationallegion.org
themoscowtimes.com
themwl.org
thenewtab.io
thepiratebay.org
thetrevorproject.org
thetruestory.news
threema.ch
thunder.free-signal.com
time-ios.apple.com
time-macos.apple.com
time.apple.com
timesofmalta.com
tochka.net
tor.eff.org
torontovka.com
torproject.org
transequality.org
transparency.org
transwhiz.com
trendsmap.com
triller.co
triplebit.org
trisquel.info
trust.zone
trv-science.org
tsn.ua
tsroadmap.com
tunnelbear.com
turbobit.net
turbovpn.com
tushkan.club
tuta.com
tutanota.com
tvmnews.mt
tvnet.lv
tvrain.tv
twitter.com
tx.me
typepad.com
u4.no
ua.korrespondent.net
ua.krymr.com
ua.tribuna.com
uacrisis.org
uainfo.org
uapolitics.com
uber.com
udikov.com
uk.upf.org
ukrinform.ua
ultrasurf.us
unfe.org
unian.info
unian.net
uninterest.ing
uniongang.net
unn.com.ua
upfafrica.org
upload.appleschoolcontent.com
upload.twitter.com
upogau.org
urduvoa.com
usa.one
usafa.af.mil
uscg.mil
usrf.us
ust-kut24.com
utro02.tv
utronews.org
vanguardnewsnetwork.com
vector.im
verstka.media
vesma.today
vesselthefilm.com
viber.com
vice.com
video.cdninstagram.com
video.twimg.com
visaginas.lt
vitk.com.ua
vlasti.net
voanews.com
vot-tak.tv
votvot.tv
vozrojdenie.crimea.ua
vpn-api.proton.me
vpngate.net
vpngen.org
vpnproxymaster.com
vpnredcat.com
war.hvylya.net
wasabiwallet.io
we.riseup.net
weareukraine.info
web.facebook.com
weedmaps.com
wickr.com
wikianime.club
wikileaks.org
womeninblack.org
world.comments.ua
worldhealth.net
wpengine.com
write.as
wwf.panda.org
x.com
xanga.com
xda-developers.com
xhamster.com
xnxx.com
xvideos.com
xxx.lanl.gov
yle.fi
yocity12.com
youporn.com
youtu.be
youtube.com
yt3.ggpht.com
yt4.ggpht.com
yummyanime.org
zaxid.net
zeit.de
zenhub.com
znak.com
zona.media
