youtube
instagram
pornhub
threadreaderapp
4pda.to
anzu-us.com
aol.com
browserleaks.com
canva.dev
datacamp.com
deezer.com
dyson.com
elevenlabs.io
g2a.com
gameloft.com
ggpht.com
googlevideo.com
i.ytimg.com
ifconfig.me
ipinfo.io
jetbrans.com
jetbrains.com
kahoot.it
kahoot.com
maxmind.com
medium.com
netflix.com
netpeaksoftware.com
notion.so
redis.io
semrush.com
setapp.com
skladchina.biz
splunkcloud.com
tableau.com
tableausoftware.com
tableauusercontent.com
user.auth.xboxlive.com
xsts.auth.xboxlive.com
youtu.be
youtube.com
youtube.googleapis.com
yt.be
yt3.ggpht.com
ytimg.com
notionusercontent.com
t.me
tdesktop.com
telegra.ph
telegram.me
telegram.org
telesco.pe
